<?xml version="1.0" encoding="UTF-8"?>
<!-- Generated by org.testng.reporters.JUnitXMLReporter -->
<testsuite ignored="4" hostname="LAPTOP-6SLMM59S" failures="3" tests="41" name="Test" time="0.347" errors="0" timestamp="2023-02-28T15:29:24 IST">
  <testcase classname="TestNG_1.Main_Class" name="@AfterMethod tear_down" time="0.001">
    <failure type="java.lang.NullPointerException" message="Cannot invoke &amp;quot;org.openqa.selenium.WebDriver.quit()&amp;quot; because &amp;quot;TestNG_1.Main_Class.driver&amp;quot; is null">
      <![CDATA[java.lang.NullPointerException: Cannot invoke "org.openqa.selenium.WebDriver.quit()" because "TestNG_1.Main_Class.driver" is null
at TestNG_1.Main_Class.tear_down(Main_Class.java:27)
at java.base/java.util.ArrayList.forEach(ArrayList.java:1511)
... Removed 32 stack frames]]>
    </failure>
  </testcase> <!-- @AfterMethod tear_down -->
  <testcase classname="TestNG_1.Main_Class" name="@AfterMethod tear_down" time="0.0">
    <skipped/>
  </testcase> <!-- @AfterMethod tear_down -->
  <testcase classname="TestNG_1.Cross_Browsing_Testing" name="@BeforeMethod LaunchAUT" time="-1.677578364562E9">
    <failure type="org.testng.TestNGException" message="
Parameter &amp;apos;browser&amp;apos; is required by BeforeMethod on method LaunchAUT but has not been marked @Optional or defined
in C:\Users\vaibh\eclipse-workspace\SELENIUM\testng.xml">
      <![CDATA[org.testng.TestNGException: 
Parameter 'browser' is required by BeforeMethod on method LaunchAUT but has not been marked @Optional or defined
in C:\Users\vaibh\eclipse-workspace\SELENIUM\testng.xml
at java.base/java.util.ArrayList.forEach(ArrayList.java:1511)
... Removed 28 stack frames]]>
    </failure>
  </testcase> <!-- @BeforeMethod LaunchAUT -->
  <testcase classname="TestNG_1.Cross_Browsing_Testing" name="@BeforeMethod LaunchAUT" time="0.0">
    <skipped/>
  </testcase> <!-- @BeforeMethod LaunchAUT -->
  <testcase classname="TestNG_1.Cross_Browsing_Testing" name="@AfterClass tear_down" time="0.0">
    <skipped/>
  </testcase> <!-- @AfterClass tear_down -->
  <testcase classname="TestNG_1.Main_Class" name="@AfterMethod tear_down" time="0.0">
    <failure type="java.lang.NullPointerException" message="Cannot invoke &amp;quot;org.openqa.selenium.WebDriver.quit()&amp;quot; because &amp;quot;TestNG_1.Main_Class.driver&amp;quot; is null">
      <![CDATA[java.lang.NullPointerException: Cannot invoke "org.openqa.selenium.WebDriver.quit()" because "TestNG_1.Main_Class.driver" is null
at TestNG_1.Main_Class.tear_down(Main_Class.java:27)
at java.base/java.util.ArrayList.forEach(ArrayList.java:1511)
... Removed 32 stack frames]]>
    </failure>
  </testcase> <!-- @AfterMethod tear_down -->
  <testcase classname="TestNG_1.Class_name_Exp4" name="Get_Text" time="0.008"/>
  <testcase classname="TestNG_1.Class_name_Exp4" name="Send_Password" time="0.003"/>
  <testcase classname="TestNG_1.Class_name_Exp4" name="Send_Username" time="0.006"/>
  <testcase classname="TestNG_1.Class_name_Exp4" name="Senddata" time="0.002"/>
  <testcase classname="TestNG_1.Class_name_Exp6" name="Get_Text" time="0.003"/>
  <testcase classname="TestNG_1.Class_name_Exp6" name="Send_Username" time="0.01"/>
  <testcase classname="TestNG_1.Class_name_Exp6" name="Send_Password" time="0.003"/>
  <testcase classname="TestNG_1.Sadbasic_Silver" name="initial" time="0.0">
    <failure type="org.testng.TestNGException" message="
Method public void TestNG_1.Sadbasic_Silver.initial(java.lang.String,java.lang.String) requires a @DataProvider named : logindata">
      <![CDATA[org.testng.TestNGException: 
Method public void TestNG_1.Sadbasic_Silver.initial(java.lang.String,java.lang.String) requires a @DataProvider named : logindata
at java.base/java.util.ArrayList.forEach(ArrayList.java:1511)
... Removed 24 stack frames]]>
    </failure>
  </testcase> <!-- initial -->
  <testcase classname="TestNG_1.Class_name_Exp5" name="Click_on_Login" time="0.002"/>
  <testcase classname="TestNG_1.Class_name_Exp5" name="Get_Text" time="0.002"/>
  <testcase classname="TestNG_1.Class_name_Exp5" name="Send_Password" time="0.002"/>
  <testcase classname="TestNG_1.Class_name_Exp5" name="Send_Username" time="0.002"/>
  <testcase classname="TestNG_1.Class_name_Exp5" name="Senddata" time="0.002"/>
  <testcase classname="TestNG_1.vibhav" name="launchAUT" time="0.001"/>
  <testcase classname="TestNG_1.Class_nameExp3" name="Click_On_Login" time="0.007"/>
  <testcase classname="TestNG_1.Class_nameExp3" name="Get_Text" time="0.001"/>
  <testcase classname="TestNG_1.Class_nameExp3" name="Send_Password" time="0.003"/>
  <testcase classname="TestNG_1.Class_nameExp3" name="Send_Username" time="0.002"/>
  <testcase classname="TestNG_1.Class_nameExp3" name="Senddata" time="0.002"/>
  <testcase classname="TestNG_1.Class_name_Exp8" name="Click_on_Login" time="0.002"/>
  <testcase classname="TestNG_1.Class_name_Exp8" name="Send_Password" time="0.0"/>
  <testcase classname="TestNG_1.Class_name_Exp8" name="Send_Username" time="0.001"/>
  <testcase classname="TestNG_1.Class_name_Exp7" name="Get_Text" time="0.001"/>
  <testcase classname="TestNG_1.Class_name_Exp7" name="send_username" time="0.002"/>
  <testcase classname="TestNG_1.Classnumber_1" name="LaunchAUT" time="0.002"/>
  <testcase classname="TestNG_1.Vaibhav_1" name="LaunchAUT" time="0.001"/>
  <testcase classname="TestNG_1.Script_Salesforce" name="Salesforce" time="0.006">
    <failure type="java.lang.NullPointerException" message="Cannot invoke &amp;quot;org.openqa.selenium.WebDriver.findElement(org.openqa.selenium.By)&amp;quot; because &amp;quot;TestNG_1.Common_Methods.driver&amp;quot; is null">
      <![CDATA[java.lang.NullPointerException: Cannot invoke "org.openqa.selenium.WebDriver.findElement(org.openqa.selenium.By)" because "TestNG_1.Common_Methods.driver" is null
at TestNG_1.Common_Methods.Send_data_Amazon(Common_Methods.java:20)
at TestNG_1.Script_Salesforce.Salesforce(Script_Salesforce.java:12)
at java.base/java.util.ArrayList.forEach(ArrayList.java:1511)
... Removed 27 stack frames]]>
    </failure>
  </testcase> <!-- Salesforce -->
  <testcase classname="TestNG_1.Common_Methods" name="Senddata" time="0.0">
    <skipped/>
  </testcase> <!-- Senddata -->
  <testcase classname="TestNG_1.Class_name_Exp10" name="LaunchAUT" time="0.001"/>
  <testcase classname="TestNG_1.NewTest_2" name="f" time="0.001"/>
  <testcase classname="TestNG_1.Cross_Browsing_Testing" name="GetTitle" time="0.0">
    <skipped/>
  </testcase> <!-- GetTitle -->
  <testcase classname="TestNG_1.Cross_Browsing_Testing" name="Send_info" time="0.0">
    <skipped/>
  </testcase> <!-- Send_info -->
  <testcase classname="TestNG_1.Class_number_exp9" name="Get_Text" time="0.003"/>
  <testcase classname="TestNG_1.Class_number_exp9" name="LaunchAut" time="0.002"/>
  <testcase classname="TestNG_1.Class_number_exp9" name="Senddata" time="0.001"/>
  <testcase classname="TestNG_1.Class_number_exp9" name="Click_on_Login" time="0.001"/>
  <testcase classname="TestNG_1.Script_Salesforce" name="Salesforce" time="0.001">
    <failure type="java.lang.NullPointerException" message="Cannot invoke &amp;quot;org.openqa.selenium.WebDriver.findElement(org.openqa.selenium.By)&amp;quot; because &amp;quot;TestNG_1.Common_Methods.driver&amp;quot; is null">
      <![CDATA[java.lang.NullPointerException: Cannot invoke "org.openqa.selenium.WebDriver.findElement(org.openqa.selenium.By)" because "TestNG_1.Common_Methods.driver" is null
at TestNG_1.Common_Methods.Send_data_Amazon(Common_Methods.java:20)
at TestNG_1.Script_Salesforce.Salesforce(Script_Salesforce.java:12)
at java.base/java.util.ArrayList.forEach(ArrayList.java:1511)
... Removed 27 stack frames]]>
    </failure>
  </testcase> <!-- Salesforce -->
  <testcase classname="TestNG_1.ClassName_2" name="Click_on_Login" time="0.004"/>
  <testcase classname="TestNG_1.ClassName_2" name="LaunchAUT" time="0.003"/>
  <testcase classname="TestNG_1.ClassName_2" name="Logout" time="0.001"/>
  <testcase classname="TestNG_1.ClassName_2" name="Senddata" time="0.002"/>
  <testcase classname="TestNG_1.Class_name_Exp6" name="Senddata" time="0.0">
    <ignored/>
  </testcase> <!-- Senddata -->
  <testcase classname="TestNG_1.Class_name_Exp7" name="Senddata" time="0.0">
    <ignored/>
  </testcase> <!-- Senddata -->
  <testcase classname="TestNG_1.Cross_Browsing_Testing" name="Senddata" time="0.0">
    <ignored/>
  </testcase> <!-- Senddata -->
  <testcase classname="TestNG_1.Class_name_Exp8" name="Senddata" time="0.0">
    <ignored/>
  </testcase> <!-- Senddata -->
</testsuite> <!-- Test -->
