<html>
<head>
<title>TestNG:  Test</title>
<link href="../testng.css" rel="stylesheet" type="text/css" />
<link href="../my-testng.css" rel="stylesheet" type="text/css" />

<style type="text/css">
.log { display: none;} 
.stack-trace { display: none;} 
</style>
<script type="text/javascript">
<!--
function flip(e) {
  current = e.style.display;
  if (current == 'block') {
    e.style.display = 'none';
    return 0;
  }
  else {
    e.style.display = 'block';
    return 1;
  }
}

function toggleBox(szDivId, elem, msg1, msg2)
{
  var res = -1;  if (document.getElementById) {
    res = flip(document.getElementById(szDivId));
  }
  else if (document.all) {
    // this is the way old msie versions work
    res = flip(document.all[szDivId]);
  }
  if(elem) {
    if(res == 0) elem.innerHTML = msg1; else elem.innerHTML = msg2;
  }

}

function toggleAllBoxes() {
  if (document.getElementsByTagName) {
    d = document.getElementsByTagName('div');
    for (i = 0; i < d.length; i++) {
      if (d[i].className == 'log') {
        flip(d[i]);
      }
    }
  }
}

// -->
</script>

</head>
<body>
<h2 align='center'>Test</h2><table border='1' align="center">
<tr>
<td>Tests passed/Failed/Skipped:</td><td>35/3/3</td>
</tr><tr>
<td>Started on:</td><td>Tue Feb 28 15:29:24 IST 2023</td>
</tr>
<tr><td>Total time:</td><td>0 seconds (347 ms)</td>
</tr><tr>
<td>Included groups:</td><td></td>
</tr><tr>
<td>Excluded groups:</td><td></td>
</tr>
</table><p/>
<small><i>(Hover the method name to see the test class name)</i></small><p/>
<table width='100%' border='1' class='invocation-failed'>
<tr><td colspan='4' align='center'><b>FAILED CONFIGURATIONS</b></td></tr>
<tr><td><b>Test method</b></td>
<td><b>Attribute(s)</b></td>
<td width="30%"><b>Exception</b></td>
<td width="10%"><b>Time (seconds)</b></td>
<td><b>Instance</b></td>
</tr>
<tr>
<td title='TestNG_1.Common_Methods.tear_down()'><b>tear_down</b><br>Test class: TestNG_1.Common_Methods</td>
<td><div><pre>java.lang.NullPointerException: Cannot invoke &quot;org.openqa.selenium.WebDriver.quit()&quot; because &quot;TestNG_1.Main_Class.driver&quot; is null
	at TestNG_1.Main_Class.tear_down(Main_Class.java:27)
	at java.base/java.util.ArrayList.forEach(ArrayList.java:1511)
... Removed 32 stack frames</pre></div><a href='#' onClick='toggleBox("stack-trace1893960929", this, "Click to show all stack frames", "Click to hide stack frames")'>Click to show all stack frames</a>
<div class='stack-trace' id='stack-trace1893960929'><pre>java.lang.NullPointerException: Cannot invoke &quot;org.openqa.selenium.WebDriver.quit()&quot; because &quot;TestNG_1.Main_Class.driver&quot; is null
	at TestNG_1.Main_Class.tear_down(Main_Class.java:27)
	at java.base/jdk.internal.reflect.NativeMethodAccessorImpl.invoke0(Native Method)
	at java.base/jdk.internal.reflect.NativeMethodAccessorImpl.invoke(NativeMethodAccessorImpl.java:77)
	at java.base/jdk.internal.reflect.DelegatingMethodAccessorImpl.invoke(DelegatingMethodAccessorImpl.java:43)
	at java.base/java.lang.reflect.Method.invoke(Method.java:568)
	at org.testng.internal.invokers.MethodInvocationHelper.invokeMethod(MethodInvocationHelper.java:139)
	at org.testng.internal.invokers.MethodInvocationHelper.invokeMethodConsideringTimeout(MethodInvocationHelper.java:69)
	at org.testng.internal.invokers.ConfigInvoker.invokeConfigurationMethod(ConfigInvoker.java:361)
	at org.testng.internal.invokers.ConfigInvoker.invokeConfigurations(ConfigInvoker.java:296)
	at org.testng.internal.invokers.TestInvoker.runConfigMethods(TestInvoker.java:823)
	at org.testng.internal.invokers.TestInvoker.runAfterConfigurations(TestInvoker.java:792)
	at org.testng.internal.invokers.TestInvoker.invokeMethod(TestInvoker.java:768)
	at org.testng.internal.invokers.TestInvoker.invokeTestMethod(TestInvoker.java:221)
	at org.testng.internal.invokers.MethodRunner.runInSequence(MethodRunner.java:50)
	at org.testng.internal.invokers.TestInvoker$MethodInvocationAgent.invoke(TestInvoker.java:969)
	at org.testng.internal.invokers.TestInvoker.invokeTestMethods(TestInvoker.java:194)
	at org.testng.internal.invokers.TestMethodWorker.invokeTestMethods(TestMethodWorker.java:148)
	at org.testng.internal.invokers.TestMethodWorker.run(TestMethodWorker.java:128)
	at java.base/java.util.ArrayList.forEach(ArrayList.java:1511)
	at org.testng.TestRunner.privateRun(TestRunner.java:829)
	at org.testng.TestRunner.run(TestRunner.java:602)
	at org.testng.SuiteRunner.runTest(SuiteRunner.java:437)
	at org.testng.SuiteRunner.runSequentially(SuiteRunner.java:431)
	at org.testng.SuiteRunner.privateRun(SuiteRunner.java:391)
	at org.testng.SuiteRunner.run(SuiteRunner.java:330)
	at org.testng.SuiteRunnerWorker.runSuite(SuiteRunnerWorker.java:52)
	at org.testng.SuiteRunnerWorker.run(SuiteRunnerWorker.java:95)
	at org.testng.TestNG.runSuitesSequentially(TestNG.java:1256)
	at org.testng.TestNG.runSuitesLocally(TestNG.java:1176)
	at org.testng.TestNG.runSuites(TestNG.java:1099)
	at org.testng.TestNG.run(TestNG.java:1067)
	at org.testng.remote.AbstractRemoteTestNG.run(AbstractRemoteTestNG.java:115)
	at org.testng.remote.RemoteTestNG.initAndRun(RemoteTestNG.java:251)
	at org.testng.remote.RemoteTestNG.main(RemoteTestNG.java:77)
</pre></div></td>
<td>0</td>
<td>TestNG_1.Common_Methods@298a5e20</td></tr>
<tr>
<td title='TestNG_1.Script_Salesforce.tear_down()'><b>tear_down</b><br>Test class: TestNG_1.Script_Salesforce</td>
<td><div><pre>java.lang.NullPointerException: Cannot invoke &quot;org.openqa.selenium.WebDriver.quit()&quot; because &quot;TestNG_1.Main_Class.driver&quot; is null
	at TestNG_1.Main_Class.tear_down(Main_Class.java:27)
	at java.base/java.util.ArrayList.forEach(ArrayList.java:1511)
... Removed 32 stack frames</pre></div><a href='#' onClick='toggleBox("stack-trace331122245", this, "Click to show all stack frames", "Click to hide stack frames")'>Click to show all stack frames</a>
<div class='stack-trace' id='stack-trace331122245'><pre>java.lang.NullPointerException: Cannot invoke &quot;org.openqa.selenium.WebDriver.quit()&quot; because &quot;TestNG_1.Main_Class.driver&quot; is null
	at TestNG_1.Main_Class.tear_down(Main_Class.java:27)
	at java.base/jdk.internal.reflect.NativeMethodAccessorImpl.invoke0(Native Method)
	at java.base/jdk.internal.reflect.NativeMethodAccessorImpl.invoke(NativeMethodAccessorImpl.java:77)
	at java.base/jdk.internal.reflect.DelegatingMethodAccessorImpl.invoke(DelegatingMethodAccessorImpl.java:43)
	at java.base/java.lang.reflect.Method.invoke(Method.java:568)
	at org.testng.internal.invokers.MethodInvocationHelper.invokeMethod(MethodInvocationHelper.java:139)
	at org.testng.internal.invokers.MethodInvocationHelper.invokeMethodConsideringTimeout(MethodInvocationHelper.java:69)
	at org.testng.internal.invokers.ConfigInvoker.invokeConfigurationMethod(ConfigInvoker.java:361)
	at org.testng.internal.invokers.ConfigInvoker.invokeConfigurations(ConfigInvoker.java:296)
	at org.testng.internal.invokers.TestInvoker.runConfigMethods(TestInvoker.java:823)
	at org.testng.internal.invokers.TestInvoker.runAfterConfigurations(TestInvoker.java:792)
	at org.testng.internal.invokers.TestInvoker.invokeMethod(TestInvoker.java:768)
	at org.testng.internal.invokers.TestInvoker.invokeTestMethod(TestInvoker.java:221)
	at org.testng.internal.invokers.MethodRunner.runInSequence(MethodRunner.java:50)
	at org.testng.internal.invokers.TestInvoker$MethodInvocationAgent.invoke(TestInvoker.java:969)
	at org.testng.internal.invokers.TestInvoker.invokeTestMethods(TestInvoker.java:194)
	at org.testng.internal.invokers.TestMethodWorker.invokeTestMethods(TestMethodWorker.java:148)
	at org.testng.internal.invokers.TestMethodWorker.run(TestMethodWorker.java:128)
	at java.base/java.util.ArrayList.forEach(ArrayList.java:1511)
	at org.testng.TestRunner.privateRun(TestRunner.java:829)
	at org.testng.TestRunner.run(TestRunner.java:602)
	at org.testng.SuiteRunner.runTest(SuiteRunner.java:437)
	at org.testng.SuiteRunner.runSequentially(SuiteRunner.java:431)
	at org.testng.SuiteRunner.privateRun(SuiteRunner.java:391)
	at org.testng.SuiteRunner.run(SuiteRunner.java:330)
	at org.testng.SuiteRunnerWorker.runSuite(SuiteRunnerWorker.java:52)
	at org.testng.SuiteRunnerWorker.run(SuiteRunnerWorker.java:95)
	at org.testng.TestNG.runSuitesSequentially(TestNG.java:1256)
	at org.testng.TestNG.runSuitesLocally(TestNG.java:1176)
	at org.testng.TestNG.runSuites(TestNG.java:1099)
	at org.testng.TestNG.run(TestNG.java:1067)
	at org.testng.remote.AbstractRemoteTestNG.run(AbstractRemoteTestNG.java:115)
	at org.testng.remote.RemoteTestNG.initAndRun(RemoteTestNG.java:251)
	at org.testng.remote.RemoteTestNG.main(RemoteTestNG.java:77)
</pre></div></td>
<td>0</td>
<td>TestNG_1.Script_Salesforce@26d9b808</td></tr>
<tr>
<td title='TestNG_1.Cross_Browsing_Testing.LaunchAUT()'><b>LaunchAUT</b><br>Test class: TestNG_1.Cross_Browsing_Testing</td>
<td><div><pre>org.testng.TestNGException: 
Parameter &apos;browser&apos; is required by BeforeMethod on method LaunchAUT but has not been marked @Optional or defined
in C:\Users\vaibh\eclipse-workspace\SELENIUM\testng.xml
	at java.base/java.util.ArrayList.forEach(ArrayList.java:1511)
... Removed 28 stack frames</pre></div><a href='#' onClick='toggleBox("stack-trace1023268896", this, "Click to show all stack frames", "Click to hide stack frames")'>Click to show all stack frames</a>
<div class='stack-trace' id='stack-trace1023268896'><pre>org.testng.TestNGException: 
Parameter &apos;browser&apos; is required by BeforeMethod on method LaunchAUT but has not been marked @Optional or defined
in C:\Users\vaibh\eclipse-workspace\SELENIUM\testng.xml
	at org.testng.internal.Parameters.createParams(Parameters.java:267)
	at org.testng.internal.Parameters.createParametersForMethod(Parameters.java:355)
	at org.testng.internal.Parameters.createParameters(Parameters.java:684)
	at org.testng.internal.Parameters.createConfigurationParameters(Parameters.java:166)
	at org.testng.internal.invokers.ConfigInvoker.invokeConfigurations(ConfigInvoker.java:277)
	at org.testng.internal.invokers.TestInvoker.runConfigMethods(TestInvoker.java:823)
	at org.testng.internal.invokers.TestInvoker.invokeMethod(TestInvoker.java:590)
	at org.testng.internal.invokers.TestInvoker.invokeTestMethod(TestInvoker.java:221)
	at org.testng.internal.invokers.MethodRunner.runInSequence(MethodRunner.java:50)
	at org.testng.internal.invokers.TestInvoker$MethodInvocationAgent.invoke(TestInvoker.java:969)
	at org.testng.internal.invokers.TestInvoker.invokeTestMethods(TestInvoker.java:194)
	at org.testng.internal.invokers.TestMethodWorker.invokeTestMethods(TestMethodWorker.java:148)
	at org.testng.internal.invokers.TestMethodWorker.run(TestMethodWorker.java:128)
	at java.base/java.util.ArrayList.forEach(ArrayList.java:1511)
	at org.testng.TestRunner.privateRun(TestRunner.java:829)
	at org.testng.TestRunner.run(TestRunner.java:602)
	at org.testng.SuiteRunner.runTest(SuiteRunner.java:437)
	at org.testng.SuiteRunner.runSequentially(SuiteRunner.java:431)
	at org.testng.SuiteRunner.privateRun(SuiteRunner.java:391)
	at org.testng.SuiteRunner.run(SuiteRunner.java:330)
	at org.testng.SuiteRunnerWorker.runSuite(SuiteRunnerWorker.java:52)
	at org.testng.SuiteRunnerWorker.run(SuiteRunnerWorker.java:95)
	at org.testng.TestNG.runSuitesSequentially(TestNG.java:1256)
	at org.testng.TestNG.runSuitesLocally(TestNG.java:1176)
	at org.testng.TestNG.runSuites(TestNG.java:1099)
	at org.testng.TestNG.run(TestNG.java:1067)
	at org.testng.remote.AbstractRemoteTestNG.run(AbstractRemoteTestNG.java:115)
	at org.testng.remote.RemoteTestNG.initAndRun(RemoteTestNG.java:251)
	at org.testng.remote.RemoteTestNG.main(RemoteTestNG.java:77)
</pre></div></td>
<td>-1677578364</td>
<td>TestNG_1.Cross_Browsing_Testing@f0c8a99</td></tr>
</table><p>
<table width='100%' border='1' class='invocation-skipped'>
<tr><td colspan='4' align='center'><b>SKIPPED CONFIGURATIONS</b></td></tr>
<tr><td><b>Test method</b></td>
<td><b>Attribute(s)</b></td>
<td width="30%"><b>Exception</b></td>
<td width="10%"><b>Time (seconds)</b></td>
<td><b>Instance</b></td>
</tr>
<tr>
<td title='TestNG_1.Common_Methods.tear_down()'><b>tear_down</b><br>Test class: TestNG_1.Common_Methods</td>
<td></td>
<td>0</td>
<td>TestNG_1.Common_Methods@298a5e20</td></tr>
<tr>
<td title='TestNG_1.Cross_Browsing_Testing.tear_down()'><b>tear_down</b><br>Test class: TestNG_1.Cross_Browsing_Testing</td>
<td></td>
<td>0</td>
<td>TestNG_1.Cross_Browsing_Testing@f0c8a99</td></tr>
<tr>
<td title='TestNG_1.Cross_Browsing_Testing.LaunchAUT()'><b>LaunchAUT</b><br>Test class: TestNG_1.Cross_Browsing_Testing</td>
<td></td>
<td>0</td>
<td>TestNG_1.Cross_Browsing_Testing@f0c8a99</td></tr>
</table><p>
<table width='100%' border='1' class='invocation-failed'>
<tr><td colspan='4' align='center'><b>FAILED TESTS</b></td></tr>
<tr><td><b>Test method</b></td>
<td><b>Attribute(s)</b></td>
<td width="30%"><b>Exception</b></td>
<td width="10%"><b>Time (seconds)</b></td>
<td><b>Instance</b></td>
</tr>
<tr>
<td title='TestNG_1.Common_Methods.Salesforce()'><b>Salesforce</b><br>Test class: TestNG_1.Common_Methods</td>
<td><div><pre>java.lang.NullPointerException: Cannot invoke &quot;org.openqa.selenium.WebDriver.findElement(org.openqa.selenium.By)&quot; because &quot;TestNG_1.Common_Methods.driver&quot; is null
	at TestNG_1.Common_Methods.Send_data_Amazon(Common_Methods.java:20)
	at TestNG_1.Script_Salesforce.Salesforce(Script_Salesforce.java:12)
	at java.base/java.util.ArrayList.forEach(ArrayList.java:1511)
... Removed 27 stack frames</pre></div><a href='#' onClick='toggleBox("stack-trace1208532123", this, "Click to show all stack frames", "Click to hide stack frames")'>Click to show all stack frames</a>
<div class='stack-trace' id='stack-trace1208532123'><pre>java.lang.NullPointerException: Cannot invoke &quot;org.openqa.selenium.WebDriver.findElement(org.openqa.selenium.By)&quot; because &quot;TestNG_1.Common_Methods.driver&quot; is null
	at TestNG_1.Common_Methods.Send_data_Amazon(Common_Methods.java:20)
	at TestNG_1.Script_Salesforce.Salesforce(Script_Salesforce.java:12)
	at java.base/jdk.internal.reflect.NativeMethodAccessorImpl.invoke0(Native Method)
	at java.base/jdk.internal.reflect.NativeMethodAccessorImpl.invoke(NativeMethodAccessorImpl.java:77)
	at java.base/jdk.internal.reflect.DelegatingMethodAccessorImpl.invoke(DelegatingMethodAccessorImpl.java:43)
	at java.base/java.lang.reflect.Method.invoke(Method.java:568)
	at org.testng.internal.invokers.MethodInvocationHelper.invokeMethod(MethodInvocationHelper.java:139)
	at org.testng.internal.invokers.TestInvoker.invokeMethod(TestInvoker.java:677)
	at org.testng.internal.invokers.TestInvoker.invokeTestMethod(TestInvoker.java:221)
	at org.testng.internal.invokers.MethodRunner.runInSequence(MethodRunner.java:50)
	at org.testng.internal.invokers.TestInvoker$MethodInvocationAgent.invoke(TestInvoker.java:969)
	at org.testng.internal.invokers.TestInvoker.invokeTestMethods(TestInvoker.java:194)
	at org.testng.internal.invokers.TestMethodWorker.invokeTestMethods(TestMethodWorker.java:148)
	at org.testng.internal.invokers.TestMethodWorker.run(TestMethodWorker.java:128)
	at java.base/java.util.ArrayList.forEach(ArrayList.java:1511)
	at org.testng.TestRunner.privateRun(TestRunner.java:829)
	at org.testng.TestRunner.run(TestRunner.java:602)
	at org.testng.SuiteRunner.runTest(SuiteRunner.java:437)
	at org.testng.SuiteRunner.runSequentially(SuiteRunner.java:431)
	at org.testng.SuiteRunner.privateRun(SuiteRunner.java:391)
	at org.testng.SuiteRunner.run(SuiteRunner.java:330)
	at org.testng.SuiteRunnerWorker.runSuite(SuiteRunnerWorker.java:52)
	at org.testng.SuiteRunnerWorker.run(SuiteRunnerWorker.java:95)
	at org.testng.TestNG.runSuitesSequentially(TestNG.java:1256)
	at org.testng.TestNG.runSuitesLocally(TestNG.java:1176)
	at org.testng.TestNG.runSuites(TestNG.java:1099)
	at org.testng.TestNG.run(TestNG.java:1067)
	at org.testng.remote.AbstractRemoteTestNG.run(AbstractRemoteTestNG.java:115)
	at org.testng.remote.RemoteTestNG.initAndRun(RemoteTestNG.java:251)
	at org.testng.remote.RemoteTestNG.main(RemoteTestNG.java:77)
</pre></div></td>
<td>0</td>
<td>TestNG_1.Common_Methods@298a5e20</td></tr>
<tr>
<td title='TestNG_1.Script_Salesforce.Salesforce()'><b>Salesforce</b><br>Test class: TestNG_1.Script_Salesforce</td>
<td><div><pre>java.lang.NullPointerException: Cannot invoke &quot;org.openqa.selenium.WebDriver.findElement(org.openqa.selenium.By)&quot; because &quot;TestNG_1.Common_Methods.driver&quot; is null
	at TestNG_1.Common_Methods.Send_data_Amazon(Common_Methods.java:20)
	at TestNG_1.Script_Salesforce.Salesforce(Script_Salesforce.java:12)
	at java.base/java.util.ArrayList.forEach(ArrayList.java:1511)
... Removed 27 stack frames</pre></div><a href='#' onClick='toggleBox("stack-trace351417028", this, "Click to show all stack frames", "Click to hide stack frames")'>Click to show all stack frames</a>
<div class='stack-trace' id='stack-trace351417028'><pre>java.lang.NullPointerException: Cannot invoke &quot;org.openqa.selenium.WebDriver.findElement(org.openqa.selenium.By)&quot; because &quot;TestNG_1.Common_Methods.driver&quot; is null
	at TestNG_1.Common_Methods.Send_data_Amazon(Common_Methods.java:20)
	at TestNG_1.Script_Salesforce.Salesforce(Script_Salesforce.java:12)
	at java.base/jdk.internal.reflect.NativeMethodAccessorImpl.invoke0(Native Method)
	at java.base/jdk.internal.reflect.NativeMethodAccessorImpl.invoke(NativeMethodAccessorImpl.java:77)
	at java.base/jdk.internal.reflect.DelegatingMethodAccessorImpl.invoke(DelegatingMethodAccessorImpl.java:43)
	at java.base/java.lang.reflect.Method.invoke(Method.java:568)
	at org.testng.internal.invokers.MethodInvocationHelper.invokeMethod(MethodInvocationHelper.java:139)
	at org.testng.internal.invokers.TestInvoker.invokeMethod(TestInvoker.java:677)
	at org.testng.internal.invokers.TestInvoker.invokeTestMethod(TestInvoker.java:221)
	at org.testng.internal.invokers.MethodRunner.runInSequence(MethodRunner.java:50)
	at org.testng.internal.invokers.TestInvoker$MethodInvocationAgent.invoke(TestInvoker.java:969)
	at org.testng.internal.invokers.TestInvoker.invokeTestMethods(TestInvoker.java:194)
	at org.testng.internal.invokers.TestMethodWorker.invokeTestMethods(TestMethodWorker.java:148)
	at org.testng.internal.invokers.TestMethodWorker.run(TestMethodWorker.java:128)
	at java.base/java.util.ArrayList.forEach(ArrayList.java:1511)
	at org.testng.TestRunner.privateRun(TestRunner.java:829)
	at org.testng.TestRunner.run(TestRunner.java:602)
	at org.testng.SuiteRunner.runTest(SuiteRunner.java:437)
	at org.testng.SuiteRunner.runSequentially(SuiteRunner.java:431)
	at org.testng.SuiteRunner.privateRun(SuiteRunner.java:391)
	at org.testng.SuiteRunner.run(SuiteRunner.java:330)
	at org.testng.SuiteRunnerWorker.runSuite(SuiteRunnerWorker.java:52)
	at org.testng.SuiteRunnerWorker.run(SuiteRunnerWorker.java:95)
	at org.testng.TestNG.runSuitesSequentially(TestNG.java:1256)
	at org.testng.TestNG.runSuitesLocally(TestNG.java:1176)
	at org.testng.TestNG.runSuites(TestNG.java:1099)
	at org.testng.TestNG.run(TestNG.java:1067)
	at org.testng.remote.AbstractRemoteTestNG.run(AbstractRemoteTestNG.java:115)
	at org.testng.remote.RemoteTestNG.initAndRun(RemoteTestNG.java:251)
	at org.testng.remote.RemoteTestNG.main(RemoteTestNG.java:77)
</pre></div></td>
<td>0</td>
<td>TestNG_1.Script_Salesforce@26d9b808</td></tr>
<tr>
<td title='TestNG_1.Sadbasic_Silver.initial()'><b>initial</b><br>Test class: TestNG_1.Sadbasic_Silver</td>
<td><div><pre>org.testng.TestNGException: 
Method public void TestNG_1.Sadbasic_Silver.initial(java.lang.String,java.lang.String) requires a @DataProvider named : logindata
	at java.base/java.util.ArrayList.forEach(ArrayList.java:1511)
... Removed 24 stack frames</pre></div><a href='#' onClick='toggleBox("stack-trace1885922916", this, "Click to show all stack frames", "Click to hide stack frames")'>Click to show all stack frames</a>
<div class='stack-trace' id='stack-trace1885922916'><pre>org.testng.TestNGException: 
Method public void TestNG_1.Sadbasic_Silver.initial(java.lang.String,java.lang.String) requires a @DataProvider named : logindata
	at org.testng.internal.Parameters.findDataProvider(Parameters.java:526)
	at org.testng.internal.Parameters.handleParameters(Parameters.java:763)
	at org.testng.internal.Parameters.handleParameters(Parameters.java:728)
	at org.testng.internal.invokers.ParameterHandler.handleParameters(ParameterHandler.java:72)
	at org.testng.internal.invokers.ParameterHandler.createParameters(ParameterHandler.java:51)
	at org.testng.internal.invokers.TestInvoker$MethodInvocationAgent.invoke(TestInvoker.java:924)
	at org.testng.internal.invokers.TestInvoker.invokeTestMethods(TestInvoker.java:194)
	at org.testng.internal.invokers.TestMethodWorker.invokeTestMethods(TestMethodWorker.java:148)
	at org.testng.internal.invokers.TestMethodWorker.run(TestMethodWorker.java:128)
	at java.base/java.util.ArrayList.forEach(ArrayList.java:1511)
	at org.testng.TestRunner.privateRun(TestRunner.java:829)
	at org.testng.TestRunner.run(TestRunner.java:602)
	at org.testng.SuiteRunner.runTest(SuiteRunner.java:437)
	at org.testng.SuiteRunner.runSequentially(SuiteRunner.java:431)
	at org.testng.SuiteRunner.privateRun(SuiteRunner.java:391)
	at org.testng.SuiteRunner.run(SuiteRunner.java:330)
	at org.testng.SuiteRunnerWorker.runSuite(SuiteRunnerWorker.java:52)
	at org.testng.SuiteRunnerWorker.run(SuiteRunnerWorker.java:95)
	at org.testng.TestNG.runSuitesSequentially(TestNG.java:1256)
	at org.testng.TestNG.runSuitesLocally(TestNG.java:1176)
	at org.testng.TestNG.runSuites(TestNG.java:1099)
	at org.testng.TestNG.run(TestNG.java:1067)
	at org.testng.remote.AbstractRemoteTestNG.run(AbstractRemoteTestNG.java:115)
	at org.testng.remote.RemoteTestNG.initAndRun(RemoteTestNG.java:251)
	at org.testng.remote.RemoteTestNG.main(RemoteTestNG.java:77)
</pre></div></td>
<td>0</td>
<td>TestNG_1.Sadbasic_Silver@d86a6f</td></tr>
</table><p>
<table width='100%' border='1' class='invocation-passed'>
<tr><td colspan='4' align='center'><b>PASSED TESTS</b></td></tr>
<tr><td><b>Test method</b></td>
<td><b>Attribute(s)</b></td>
<td width="30%"><b>Exception</b></td>
<td width="10%"><b>Time (seconds)</b></td>
<td><b>Instance</b></td>
</tr>
<tr>
<td title='TestNG_1.Class_nameExp3.Send_Password()'><b>Send_Password</b><br>Test class: TestNG_1.Class_nameExp3</td>
<td></td>
<td>0</td>
<td>TestNG_1.Class_nameExp3@3646a422</td></tr>
<tr>
<td title='TestNG_1.Class_name_Exp5.Get_Text()'><b>Get_Text</b><br>Test class: TestNG_1.Class_name_Exp5</td>
<td></td>
<td>0</td>
<td>TestNG_1.Class_name_Exp5@2892d68</td></tr>
<tr>
<td title='TestNG_1.Class_name_Exp8.Click_on_Login()'><b>Click_on_Login</b><br>Test class: TestNG_1.Class_name_Exp8</td>
<td></td>
<td>0</td>
<td>TestNG_1.Class_name_Exp8@750e2b97</td></tr>
<tr>
<td title='TestNG_1.Class_name_Exp8.Send_Username()'><b>Send_Username</b><br>Test class: TestNG_1.Class_name_Exp8<br>Test method: this is Username data</td>
<td></td>
<td>0</td>
<td>TestNG_1.Class_name_Exp8@750e2b97</td></tr>
<tr>
<td title='TestNG_1.Class_name_Exp8.Send_Password()'><b>Send_Password</b><br>Test class: TestNG_1.Class_name_Exp8</td>
<td></td>
<td>0</td>
<td>TestNG_1.Class_name_Exp8@750e2b97</td></tr>
<tr>
<td title='TestNG_1.Class_name_Exp4.Get_Text()'><b>Get_Text</b><br>Test class: TestNG_1.Class_name_Exp4</td>
<td></td>
<td>0</td>
<td>TestNG_1.Class_name_Exp4@53aac487</td></tr>
<tr>
<td title='TestNG_1.Class_number_exp9.LaunchAut()'><b>LaunchAut</b><br>Test class: TestNG_1.Class_number_exp9</td>
<td></td>
<td>0</td>
<td>TestNG_1.Class_number_exp9@740cae06</td></tr>
<tr>
<td title='TestNG_1.Class_nameExp3.Senddata()'><b>Senddata</b><br>Test class: TestNG_1.Class_nameExp3</td>
<td></td>
<td>0</td>
<td>TestNG_1.Class_nameExp3@3646a422</td></tr>
<tr>
<td title='TestNG_1.NewTest_2.f()'><b>f</b><br>Test class: TestNG_1.NewTest_2</td>
<td></td>
<td>0</td>
<td>TestNG_1.NewTest_2@46cdf8bd</td></tr>
<tr>
<td title='TestNG_1.Class_name_Exp5.Click_on_Login()'><b>Click_on_Login</b><br>Test class: TestNG_1.Class_name_Exp5</td>
<td></td>
<td>0</td>
<td>TestNG_1.Class_name_Exp5@2892d68</td></tr>
<tr>
<td title='TestNG_1.Class_name_Exp5.Senddata()'><b>Senddata</b><br>Test class: TestNG_1.Class_name_Exp5</td>
<td></td>
<td>0</td>
<td>TestNG_1.Class_name_Exp5@2892d68</td></tr>
<tr>
<td title='TestNG_1.Vaibhav_1.LaunchAUT()'><b>LaunchAUT</b><br>Test class: TestNG_1.Vaibhav_1</td>
<td></td>
<td>0</td>
<td>TestNG_1.Vaibhav_1@2ddc9a9f</td></tr>
<tr>
<td title='TestNG_1.Class_name_Exp7.Get_Text()'><b>Get_Text</b><br>Test class: TestNG_1.Class_name_Exp7</td>
<td></td>
<td>0</td>
<td>TestNG_1.Class_name_Exp7@3e27aa33</td></tr>
<tr>
<td title='TestNG_1.Class_number_exp9.Click_on_Login()'><b>Click_on_Login</b><br>Test class: TestNG_1.Class_number_exp9</td>
<td></td>
<td>0</td>
<td>TestNG_1.Class_number_exp9@740cae06</td></tr>
<tr>
<td title='TestNG_1.ClassName_2.Click_on_Login()'><b>Click_on_Login</b><br>Test class: TestNG_1.ClassName_2</td>
<td></td>
<td>0</td>
<td>TestNG_1.ClassName_2@f78a47e</td></tr>
<tr>
<td title='TestNG_1.Class_name_Exp6.Get_Text()'><b>Get_Text</b><br>Test class: TestNG_1.Class_name_Exp6</td>
<td></td>
<td>0</td>
<td>TestNG_1.Class_name_Exp6@4145bad8</td></tr>
<tr>
<td title='TestNG_1.Class_nameExp3.Click_On_Login()'><b>Click_On_Login</b><br>Test class: TestNG_1.Class_nameExp3</td>
<td></td>
<td>0</td>
<td>TestNG_1.Class_nameExp3@3646a422</td></tr>
<tr>
<td title='TestNG_1.ClassName_2.Senddata()'><b>Senddata</b><br>Test class: TestNG_1.ClassName_2</td>
<td></td>
<td>0</td>
<td>TestNG_1.ClassName_2@f78a47e</td></tr>
<tr>
<td title='TestNG_1.Class_name_Exp4.Senddata()'><b>Senddata</b><br>Test class: TestNG_1.Class_name_Exp4</td>
<td></td>
<td>0</td>
<td>TestNG_1.Class_name_Exp4@53aac487</td></tr>
<tr>
<td title='TestNG_1.Class_name_Exp4.Send_Username()'><b>Send_Username</b><br>Test class: TestNG_1.Class_name_Exp4</td>
<td></td>
<td>0</td>
<td>TestNG_1.Class_name_Exp4@53aac487</td></tr>
<tr>
<td title='TestNG_1.ClassName_2.LaunchAUT()'><b>LaunchAUT</b><br>Test class: TestNG_1.ClassName_2</td>
<td></td>
<td>0</td>
<td>TestNG_1.ClassName_2@f78a47e</td></tr>
<tr>
<td title='TestNG_1.Class_nameExp3.Send_Username()'><b>Send_Username</b><br>Test class: TestNG_1.Class_nameExp3</td>
<td></td>
<td>0</td>
<td>TestNG_1.Class_nameExp3@3646a422</td></tr>
<tr>
<td title='TestNG_1.Class_name_Exp6.Send_Username()'><b>Send_Username</b><br>Test class: TestNG_1.Class_name_Exp6</td>
<td></td>
<td>0</td>
<td>TestNG_1.Class_name_Exp6@4145bad8</td></tr>
<tr>
<td title='TestNG_1.Class_name_Exp4.Send_Password()'><b>Send_Password</b><br>Test class: TestNG_1.Class_name_Exp4</td>
<td></td>
<td>0</td>
<td>TestNG_1.Class_name_Exp4@53aac487</td></tr>
<tr>
<td title='TestNG_1.Classnumber_1.LaunchAUT()'><b>LaunchAUT</b><br>Test class: TestNG_1.Classnumber_1</td>
<td></td>
<td>0</td>
<td>TestNG_1.Classnumber_1@2e385cce</td></tr>
<tr>
<td title='TestNG_1.Class_name_Exp5.Send_Username()'><b>Send_Username</b><br>Test class: TestNG_1.Class_name_Exp5</td>
<td></td>
<td>0</td>
<td>TestNG_1.Class_name_Exp5@2892d68</td></tr>
<tr>
<td title='TestNG_1.Class_name_Exp6.Send_Password()'><b>Send_Password</b><br>Test class: TestNG_1.Class_name_Exp6</td>
<td></td>
<td>0</td>
<td>TestNG_1.Class_name_Exp6@4145bad8</td></tr>
<tr>
<td title='TestNG_1.Class_number_exp9.Senddata()'><b>Senddata</b><br>Test class: TestNG_1.Class_number_exp9</td>
<td></td>
<td>0</td>
<td>TestNG_1.Class_number_exp9@740cae06</td></tr>
<tr>
<td title='TestNG_1.Class_name_Exp5.Send_Password()'><b>Send_Password</b><br>Test class: TestNG_1.Class_name_Exp5</td>
<td></td>
<td>0</td>
<td>TestNG_1.Class_name_Exp5@2892d68</td></tr>
<tr>
<td title='TestNG_1.Class_nameExp3.Get_Text()'><b>Get_Text</b><br>Test class: TestNG_1.Class_nameExp3</td>
<td></td>
<td>0</td>
<td>TestNG_1.Class_nameExp3@3646a422</td></tr>
<tr>
<td title='TestNG_1.Class_name_Exp7.send_username()'><b>send_username</b><br>Test class: TestNG_1.Class_name_Exp7</td>
<td></td>
<td>0</td>
<td>TestNG_1.Class_name_Exp7@3e27aa33</td></tr>
<tr>
<td title='TestNG_1.Class_number_exp9.Get_Text()'><b>Get_Text</b><br>Test class: TestNG_1.Class_number_exp9</td>
<td></td>
<td>0</td>
<td>TestNG_1.Class_number_exp9@740cae06</td></tr>
<tr>
<td title='TestNG_1.vibhav.launchAUT()'><b>launchAUT</b><br>Test class: TestNG_1.vibhav</td>
<td></td>
<td>0</td>
<td>TestNG_1.vibhav@5ab956d7</td></tr>
<tr>
<td title='TestNG_1.Class_name_Exp10.LaunchAUT()'><b>LaunchAUT</b><br>Test class: TestNG_1.Class_name_Exp10</td>
<td></td>
<td>0</td>
<td>TestNG_1.Class_name_Exp10@2a7f1f10</td></tr>
<tr>
<td title='TestNG_1.ClassName_2.Logout()'><b>Logout</b><br>Test class: TestNG_1.ClassName_2</td>
<td></td>
<td>0</td>
<td>TestNG_1.ClassName_2@f78a47e</td></tr>
</table><p>
<table width='100%' border='1' class='invocation-skipped'>
<tr><td colspan='4' align='center'><b>SKIPPED TESTS</b></td></tr>
<tr><td><b>Test method</b></td>
<td><b>Attribute(s)</b></td>
<td width="30%"><b>Exception</b></td>
<td width="10%"><b>Time (seconds)</b></td>
<td><b>Instance</b></td>
</tr>
<tr>
<td title='TestNG_1.Common_Methods.Senddata()'><b>Senddata</b><br>Test class: TestNG_1.Common_Methods</td>
<td><div><pre>java.lang.NullPointerException: Cannot invoke &quot;org.openqa.selenium.WebDriver.quit()&quot; because &quot;TestNG_1.Main_Class.driver&quot; is null
	at TestNG_1.Main_Class.tear_down(Main_Class.java:27)
	at java.base/java.util.ArrayList.forEach(ArrayList.java:1511)
... Removed 32 stack frames</pre></div><a href='#' onClick='toggleBox("stack-trace2112233878", this, "Click to show all stack frames", "Click to hide stack frames")'>Click to show all stack frames</a>
<div class='stack-trace' id='stack-trace2112233878'><pre>java.lang.NullPointerException: Cannot invoke &quot;org.openqa.selenium.WebDriver.quit()&quot; because &quot;TestNG_1.Main_Class.driver&quot; is null
	at TestNG_1.Main_Class.tear_down(Main_Class.java:27)
	at java.base/jdk.internal.reflect.NativeMethodAccessorImpl.invoke0(Native Method)
	at java.base/jdk.internal.reflect.NativeMethodAccessorImpl.invoke(NativeMethodAccessorImpl.java:77)
	at java.base/jdk.internal.reflect.DelegatingMethodAccessorImpl.invoke(DelegatingMethodAccessorImpl.java:43)
	at java.base/java.lang.reflect.Method.invoke(Method.java:568)
	at org.testng.internal.invokers.MethodInvocationHelper.invokeMethod(MethodInvocationHelper.java:139)
	at org.testng.internal.invokers.MethodInvocationHelper.invokeMethodConsideringTimeout(MethodInvocationHelper.java:69)
	at org.testng.internal.invokers.ConfigInvoker.invokeConfigurationMethod(ConfigInvoker.java:361)
	at org.testng.internal.invokers.ConfigInvoker.invokeConfigurations(ConfigInvoker.java:296)
	at org.testng.internal.invokers.TestInvoker.runConfigMethods(TestInvoker.java:823)
	at org.testng.internal.invokers.TestInvoker.runAfterConfigurations(TestInvoker.java:792)
	at org.testng.internal.invokers.TestInvoker.invokeMethod(TestInvoker.java:768)
	at org.testng.internal.invokers.TestInvoker.invokeTestMethod(TestInvoker.java:221)
	at org.testng.internal.invokers.MethodRunner.runInSequence(MethodRunner.java:50)
	at org.testng.internal.invokers.TestInvoker$MethodInvocationAgent.invoke(TestInvoker.java:969)
	at org.testng.internal.invokers.TestInvoker.invokeTestMethods(TestInvoker.java:194)
	at org.testng.internal.invokers.TestMethodWorker.invokeTestMethods(TestMethodWorker.java:148)
	at org.testng.internal.invokers.TestMethodWorker.run(TestMethodWorker.java:128)
	at java.base/java.util.ArrayList.forEach(ArrayList.java:1511)
	at org.testng.TestRunner.privateRun(TestRunner.java:829)
	at org.testng.TestRunner.run(TestRunner.java:602)
	at org.testng.SuiteRunner.runTest(SuiteRunner.java:437)
	at org.testng.SuiteRunner.runSequentially(SuiteRunner.java:431)
	at org.testng.SuiteRunner.privateRun(SuiteRunner.java:391)
	at org.testng.SuiteRunner.run(SuiteRunner.java:330)
	at org.testng.SuiteRunnerWorker.runSuite(SuiteRunnerWorker.java:52)
	at org.testng.SuiteRunnerWorker.run(SuiteRunnerWorker.java:95)
	at org.testng.TestNG.runSuitesSequentially(TestNG.java:1256)
	at org.testng.TestNG.runSuitesLocally(TestNG.java:1176)
	at org.testng.TestNG.runSuites(TestNG.java:1099)
	at org.testng.TestNG.run(TestNG.java:1067)
	at org.testng.remote.AbstractRemoteTestNG.run(AbstractRemoteTestNG.java:115)
	at org.testng.remote.RemoteTestNG.initAndRun(RemoteTestNG.java:251)
	at org.testng.remote.RemoteTestNG.main(RemoteTestNG.java:77)
</pre></div></td>
<td>0</td>
<td>TestNG_1.Common_Methods@298a5e20</td></tr>
<tr>
<td title='TestNG_1.Cross_Browsing_Testing.Send_info()'><b>Send_info</b><br>Test class: TestNG_1.Cross_Browsing_Testing</td>
<td><div><pre>org.testng.TestNGException: 
Parameter &apos;browser&apos; is required by BeforeMethod on method LaunchAUT but has not been marked @Optional or defined
in C:\Users\vaibh\eclipse-workspace\SELENIUM\testng.xml
	at java.base/java.util.ArrayList.forEach(ArrayList.java:1511)
... Removed 28 stack frames</pre></div><a href='#' onClick='toggleBox("stack-trace368342628", this, "Click to show all stack frames", "Click to hide stack frames")'>Click to show all stack frames</a>
<div class='stack-trace' id='stack-trace368342628'><pre>org.testng.TestNGException: 
Parameter &apos;browser&apos; is required by BeforeMethod on method LaunchAUT but has not been marked @Optional or defined
in C:\Users\vaibh\eclipse-workspace\SELENIUM\testng.xml
	at org.testng.internal.Parameters.createParams(Parameters.java:267)
	at org.testng.internal.Parameters.createParametersForMethod(Parameters.java:355)
	at org.testng.internal.Parameters.createParameters(Parameters.java:684)
	at org.testng.internal.Parameters.createConfigurationParameters(Parameters.java:166)
	at org.testng.internal.invokers.ConfigInvoker.invokeConfigurations(ConfigInvoker.java:277)
	at org.testng.internal.invokers.TestInvoker.runConfigMethods(TestInvoker.java:823)
	at org.testng.internal.invokers.TestInvoker.invokeMethod(TestInvoker.java:590)
	at org.testng.internal.invokers.TestInvoker.invokeTestMethod(TestInvoker.java:221)
	at org.testng.internal.invokers.MethodRunner.runInSequence(MethodRunner.java:50)
	at org.testng.internal.invokers.TestInvoker$MethodInvocationAgent.invoke(TestInvoker.java:969)
	at org.testng.internal.invokers.TestInvoker.invokeTestMethods(TestInvoker.java:194)
	at org.testng.internal.invokers.TestMethodWorker.invokeTestMethods(TestMethodWorker.java:148)
	at org.testng.internal.invokers.TestMethodWorker.run(TestMethodWorker.java:128)
	at java.base/java.util.ArrayList.forEach(ArrayList.java:1511)
	at org.testng.TestRunner.privateRun(TestRunner.java:829)
	at org.testng.TestRunner.run(TestRunner.java:602)
	at org.testng.SuiteRunner.runTest(SuiteRunner.java:437)
	at org.testng.SuiteRunner.runSequentially(SuiteRunner.java:431)
	at org.testng.SuiteRunner.privateRun(SuiteRunner.java:391)
	at org.testng.SuiteRunner.run(SuiteRunner.java:330)
	at org.testng.SuiteRunnerWorker.runSuite(SuiteRunnerWorker.java:52)
	at org.testng.SuiteRunnerWorker.run(SuiteRunnerWorker.java:95)
	at org.testng.TestNG.runSuitesSequentially(TestNG.java:1256)
	at org.testng.TestNG.runSuitesLocally(TestNG.java:1176)
	at org.testng.TestNG.runSuites(TestNG.java:1099)
	at org.testng.TestNG.run(TestNG.java:1067)
	at org.testng.remote.AbstractRemoteTestNG.run(AbstractRemoteTestNG.java:115)
	at org.testng.remote.RemoteTestNG.initAndRun(RemoteTestNG.java:251)
	at org.testng.remote.RemoteTestNG.main(RemoteTestNG.java:77)
</pre></div></td>
<td>0</td>
<td>TestNG_1.Cross_Browsing_Testing@f0c8a99</td></tr>
<tr>
<td title='TestNG_1.Cross_Browsing_Testing.GetTitle()'><b>GetTitle</b><br>Test class: TestNG_1.Cross_Browsing_Testing</td>
<td><div><pre>org.testng.TestNGException: 
Parameter &apos;browser&apos; is required by BeforeMethod on method LaunchAUT but has not been marked @Optional or defined
in C:\Users\vaibh\eclipse-workspace\SELENIUM\testng.xml
	at java.base/java.util.ArrayList.forEach(ArrayList.java:1511)
... Removed 28 stack frames</pre></div><a href='#' onClick='toggleBox("stack-trace153646652", this, "Click to show all stack frames", "Click to hide stack frames")'>Click to show all stack frames</a>
<div class='stack-trace' id='stack-trace153646652'><pre>org.testng.TestNGException: 
Parameter &apos;browser&apos; is required by BeforeMethod on method LaunchAUT but has not been marked @Optional or defined
in C:\Users\vaibh\eclipse-workspace\SELENIUM\testng.xml
	at org.testng.internal.Parameters.createParams(Parameters.java:267)
	at org.testng.internal.Parameters.createParametersForMethod(Parameters.java:355)
	at org.testng.internal.Parameters.createParameters(Parameters.java:684)
	at org.testng.internal.Parameters.createConfigurationParameters(Parameters.java:166)
	at org.testng.internal.invokers.ConfigInvoker.invokeConfigurations(ConfigInvoker.java:277)
	at org.testng.internal.invokers.TestInvoker.runConfigMethods(TestInvoker.java:823)
	at org.testng.internal.invokers.TestInvoker.invokeMethod(TestInvoker.java:590)
	at org.testng.internal.invokers.TestInvoker.invokeTestMethod(TestInvoker.java:221)
	at org.testng.internal.invokers.MethodRunner.runInSequence(MethodRunner.java:50)
	at org.testng.internal.invokers.TestInvoker$MethodInvocationAgent.invoke(TestInvoker.java:969)
	at org.testng.internal.invokers.TestInvoker.invokeTestMethods(TestInvoker.java:194)
	at org.testng.internal.invokers.TestMethodWorker.invokeTestMethods(TestMethodWorker.java:148)
	at org.testng.internal.invokers.TestMethodWorker.run(TestMethodWorker.java:128)
	at java.base/java.util.ArrayList.forEach(ArrayList.java:1511)
	at org.testng.TestRunner.privateRun(TestRunner.java:829)
	at org.testng.TestRunner.run(TestRunner.java:602)
	at org.testng.SuiteRunner.runTest(SuiteRunner.java:437)
	at org.testng.SuiteRunner.runSequentially(SuiteRunner.java:431)
	at org.testng.SuiteRunner.privateRun(SuiteRunner.java:391)
	at org.testng.SuiteRunner.run(SuiteRunner.java:330)
	at org.testng.SuiteRunnerWorker.runSuite(SuiteRunnerWorker.java:52)
	at org.testng.SuiteRunnerWorker.run(SuiteRunnerWorker.java:95)
	at org.testng.TestNG.runSuitesSequentially(TestNG.java:1256)
	at org.testng.TestNG.runSuitesLocally(TestNG.java:1176)
	at org.testng.TestNG.runSuites(TestNG.java:1099)
	at org.testng.TestNG.run(TestNG.java:1067)
	at org.testng.remote.AbstractRemoteTestNG.run(AbstractRemoteTestNG.java:115)
	at org.testng.remote.RemoteTestNG.initAndRun(RemoteTestNG.java:251)
	at org.testng.remote.RemoteTestNG.main(RemoteTestNG.java:77)
</pre></div></td>
<td>0</td>
<td>TestNG_1.Cross_Browsing_Testing@f0c8a99</td></tr>
</table><p>
</body>
</html>